firebase-auth/build/intermediates/manifest_merge_blame_file/debug/manifest-merger-blame-debug-report.txt
1<?xml version="1.0" encoding="utf-8"?>
2<manifest xmlns:android="http://schemas.android.com/apk/res/android"
3    package="com.abiria.firebase_auth"
4    android:versionCode="1"
5    android:versionName="0.0.1" >
6
7    <uses-sdk
8        android:minSdkVersion="19"
8-->src/main/AndroidManifest.xml
9        android:targetSdkVersion="29" />
9-->src/main/AndroidManifest.xml
10
11    <uses-permission android:name="android.permission.ACCESS_NETWORK_STATE" />
11-->src/main/AndroidManifest.xml:5:5-79
11-->src/main/AndroidManifest.xml:5:22-76
12
13    <application>
13-->src/main/AndroidManifest.xml:6:5-12:19
14        <activity
14-->src/main/AndroidManifest.xml:7:9-11:20
15            android:name="com.abiria.firebase_auth.ui.RegisterActivity"
15-->src/main/AndroidManifest.xml:7:19-54
16            android:noHistory="true"
16-->src/main/AndroidManifest.xml:8:17-41
17            android:screenOrientation="portrait" >
17-->src/main/AndroidManifest.xml:9:17-53
18        </activity>
19    </application>
20
21</manifest>